<?xml version="1.0" encoding="UTF-8"?>
<!-- Generated by org.testng.reporters.JUnitReportReporter -->
<testsuite hostname="LHTU05CG0391V80" failures="0" tests="1" name="test.selenium.pdfReader" time="3.072" errors="0" timestamp="2023-02-20T09:04:13 IST" skipped="0">
  <testcase classname="test.selenium.pdfReader" name="PDFReader" time="3.072"/>
  <system-out/>
</testsuite> <!-- test.selenium.pdfReader -->
