<?xml version="1.0" encoding="UTF-8"?>
<!-- Generated by org.testng.reporters.JUnitReportReporter -->
<testsuite hostname="LHTU05CG0391V80" failures="0" tests="1" name="utilities.PDFReader" time="3.277" errors="0" timestamp="2023-02-20T08:58:52 IST" skipped="0">
  <testcase classname="utilities.PDFReader" name="pdfReader" time="3.277"/>
  <system-out/>
</testsuite> <!-- utilities.PDFReader -->
