<?xml version="1.0" encoding="UTF-8"?>
<!-- Generated by org.testng.reporters.JUnitReportReporter -->
<testsuite hostname="LHTU05CG0391V80" failures="0" tests="3" name="test.selenium.pdfReader" time="40.063" errors="0" timestamp="2023-02-21T17:03:07 IST" skipped="1">
  <testcase classname="test.selenium.pdfReader" name="ReaderSameBrowserTab" time="32.936"/>
  <system-out/>
  <testcase classname="test.selenium.pdfReader" name="Reader" time="7.127"/>
  <system-out/>
  <testcase classname="test.selenium.pdfReader" name="ReaderNewBrowserTab">
    <skipped/>
  </testcase> <!-- ReaderNewBrowserTab -->
  <system-out/>
</testsuite> <!-- test.selenium.pdfReader -->
