<?xml version="1.0" encoding="UTF-8"?>
<!-- Generated by org.testng.reporters.JUnitReportReporter -->
<testsuite hostname="LHTU05CG0391V80" failures="0" tests="1" name="test.selenium.Selenium_Puzzle" time="30.706" errors="0" timestamp="2023-02-07T16:41:14 IST" skipped="0">
  <testcase classname="test.selenium.Selenium_Puzzle" name="launchBrowser" time="30.706"/>
  <system-out/>
</testsuite> <!-- test.selenium.Selenium_Puzzle -->
